{
  "system_performance_data": {
    "available_memory": 0.25, 
    "cpus": 1.0, 
    "disk_free": 18.6, 
    "disk_percent": 13.4, 
    "disk_total": 21.46, 
    "disk_used": 2.87, 
    "host_name": "client-instance-3", 
    "memory_percent": 58.1, 
    "network_addresses": {
      "eth0": {
        "ipv4": "10.128.0.7", 
        "ipv6": "fe80::6905:7c1:d54:548a%eth0", 
        "mac": "42:01:0a:80:00:07"
      }
    }, 
    "network_interfaces": [
      "lo", 
      "eth0"
    ], 
    "total_memory": 0.61
  }
}
